
ROM used:   170/8192 (2%)
            170/8192 (2%) including unused fragments

            0.2 Average locations per line
            3.6 Average locations per statement

RAM used:   10/368 (3%) at main() level
            11/368 (3%) worst case

Stack used: 1 worst case (1 in main + 0 for interrupts)
Stack size: 8

Lines Stmts  %   Files
----- ----- ---  -----
   71    47 100  MANEJO_IN-OUT.c
  796     0   0  ..\..\..\..\..\..\..\Program Files (x86)\PICC\Devices\16F887.h
----- -----
  867    47 Total

Page ROM  %  RAM    Vol Diff  Functions:
---- --- --- ---    --- ----  ----------
0     21  12    1             @delay_ms1
0    145  85    2   1313  8.8  main
 Inline         0             @cinit1

Program metrics:
    Functions               1
    Statements              47
    Comments                140
    Volume (V)              1318
    Difficulty (D)          8.6
    Effort to implement (E) 11293
    Time to implement (T)   10 minutes
    Est Delivered Bugs (B)  0
    Cyclomatic Complexity   11
    Maintainability (MI)    44

 Segment     Used  Free
-----------  ----  ----
00000-00003     4  0  
00004-007FF   166  1878  
00800-00FFF     0  2048  
01000-017FF     0  2048  
01800-01FFF     0  2048  



